<?xml version="1.0" encoding="UTF-8"?>
<!-- Generated by org.testng.reporters.JUnitReportReporter -->
<testsuite skipped="0" hostname="xyz" name="script.invalidLogin" tests="1" failures="0" timestamp="06 Mar 2019 14:25:44 GMT" time="28.131" errors="0">
  <testcase name="testinvalidLogin" time="28.131" classname="script.invalidLogin"/>
</testsuite> <!-- script.invalidLogin -->
