<?xml version="1.0" encoding="UTF-8"?>
<!-- Generated by org.testng.reporters.JUnitReportReporter -->
<testsuite skipped="0" hostname="xyz" name="script.CheckIssueDate" tests="1" failures="0" timestamp="05 Mar 2019 08:46:06 GMT" time="19.477" errors="0">
  <testcase name="testCheckIssueDate" time="19.477" classname="script.CheckIssueDate"/>
</testsuite> <!-- script.CheckIssueDate -->
