<?xml version="1.0" encoding="UTF-8"?>
<!-- Generated by org.testng.reporters.JUnitReportReporter -->
<testsuite skipped="0" hostname="xyz" name="script.CheckIssueDate" tests="1" failures="0" timestamp="06 Mar 2019 14:16:34 GMT" time="18.049" errors="0">
  <testcase name="testCheckIssueDate" time="18.049" classname="script.CheckIssueDate"/>
</testsuite> <!-- script.CheckIssueDate -->
