<?xml version="1.0" encoding="UTF-8"?>
<!-- Generated by org.testng.reporters.JUnitReportReporter -->
<testsuite skipped="0" hostname="xyz" name="script.invalidLogin" tests="1" failures="0" timestamp="05 Mar 2019 07:24:59 GMT" time="34.779" errors="0">
  <testcase name="testinvalidLogin" time="34.779" classname="script.invalidLogin"/>
</testsuite> <!-- script.invalidLogin -->
